2021-05-26 13:39:09,440 - root - INFO - ** Kedro project kedro_proj
2021-05-26 13:39:10,924 - kedro.io.data_catalog - INFO - Loading data from `example_iris_data` (CSVDataSet)...
2021-05-26 13:39:10,962 - kedro.io.data_catalog - INFO - Loading data from `params:example_test_data_ratio` (MemoryDataSet)...
2021-05-26 13:39:10,963 - kedro.pipeline.node - INFO - Running node: split: split_data([example_iris_data,params:example_test_data_ratio]) -> [example_test_x,example_test_y,example_train_x,example_train_y]
2021-05-26 13:39:11,039 - kedro.io.data_catalog - INFO - Saving data to `example_train_x` (MemoryDataSet)...
2021-05-26 13:39:11,040 - kedro.io.data_catalog - INFO - Saving data to `example_train_y` (MemoryDataSet)...
2021-05-26 13:39:11,040 - kedro.io.data_catalog - INFO - Saving data to `example_test_x` (MemoryDataSet)...
2021-05-26 13:39:11,041 - kedro.io.data_catalog - INFO - Saving data to `example_test_y` (MemoryDataSet)...
2021-05-26 13:39:11,042 - kedro.runner.sequential_runner - INFO - Completed 1 out of 4 tasks
2021-05-26 13:39:11,042 - kedro.io.data_catalog - INFO - Loading data from `example_train_x` (MemoryDataSet)...
2021-05-26 13:39:11,042 - kedro.io.data_catalog - INFO - Loading data from `example_train_y` (MemoryDataSet)...
2021-05-26 13:39:11,043 - kedro.io.data_catalog - INFO - Loading data from `parameters` (MemoryDataSet)...
2021-05-26 13:39:11,043 - kedro.pipeline.node - INFO - Running node: train: train_model([example_train_x,example_train_y,parameters]) -> [example_model]
2021-05-26 13:39:12,084 - kedro.io.data_catalog - INFO - Saving data to `example_model` (MemoryDataSet)...
2021-05-26 13:39:12,086 - kedro.runner.sequential_runner - INFO - Completed 2 out of 4 tasks
2021-05-26 13:39:12,086 - kedro.io.data_catalog - INFO - Loading data from `example_model` (MemoryDataSet)...
2021-05-26 13:39:12,086 - kedro.io.data_catalog - INFO - Loading data from `example_test_x` (MemoryDataSet)...
2021-05-26 13:39:12,087 - kedro.pipeline.node - INFO - Running node: predict: predict([example_model,example_test_x]) -> [example_predictions]
2021-05-26 13:39:12,088 - kedro.io.data_catalog - INFO - Saving data to `example_predictions` (MemoryDataSet)...
2021-05-26 13:39:12,089 - kedro.runner.sequential_runner - INFO - Completed 3 out of 4 tasks
2021-05-26 13:39:12,089 - kedro.io.data_catalog - INFO - Loading data from `example_predictions` (MemoryDataSet)...
2021-05-26 13:39:12,089 - kedro.io.data_catalog - INFO - Loading data from `example_test_y` (MemoryDataSet)...
2021-05-26 13:39:12,090 - kedro.pipeline.node - INFO - Running node: report: report_accuracy([example_predictions,example_test_y]) -> None
2021-05-26 13:39:12,090 - kedro_proj.pipelines.data_science.nodes - INFO - Model accuracy on test set: 90.00%
2021-05-26 13:39:12,092 - kedro.runner.sequential_runner - INFO - Completed 4 out of 4 tasks
2021-05-26 13:39:12,092 - kedro.runner.sequential_runner - INFO - Pipeline execution completed successfully.
2021-05-26 13:39:12,092 - kedro.framework.session.store - INFO - `save()` not implemented for `BaseSessionStore`. Skipping the step.
2021-05-26 11:11:25,218 - root - INFO - ** Kedro project kedro
2021-05-26 11:11:28,584 - kedro.io.data_catalog - INFO - Loading data from `example_iris_data` (CSVDataSet)...
2021-05-26 11:11:28,645 - kedro.io.data_catalog - INFO - Loading data from `params:example_test_data_ratio` (MemoryDataSet)...
2021-05-26 11:11:28,646 - kedro.pipeline.node - INFO - Running node: split: split_data([example_iris_data,params:example_test_data_ratio]) -> [example_test_x,example_test_y,example_train_x,example_train_y]
2021-05-26 11:11:28,779 - kedro.io.data_catalog - INFO - Saving data to `example_train_x` (MemoryDataSet)...
2021-05-26 11:11:28,780 - kedro.io.data_catalog - INFO - Saving data to `example_train_y` (MemoryDataSet)...
2021-05-26 11:11:28,780 - kedro.io.data_catalog - INFO - Saving data to `example_test_x` (MemoryDataSet)...
2021-05-26 11:11:28,780 - kedro.io.data_catalog - INFO - Saving data to `example_test_y` (MemoryDataSet)...
2021-05-26 11:11:28,781 - kedro.runner.sequential_runner - INFO - Completed 1 out of 4 tasks
2021-05-26 11:11:28,782 - kedro.io.data_catalog - INFO - Loading data from `example_train_x` (MemoryDataSet)...
2021-05-26 11:11:28,782 - kedro.io.data_catalog - INFO - Loading data from `example_train_y` (MemoryDataSet)...
2021-05-26 11:11:28,783 - kedro.io.data_catalog - INFO - Loading data from `parameters` (MemoryDataSet)...
2021-05-26 11:11:28,783 - kedro.pipeline.node - INFO - Running node: train: train_model([example_train_x,example_train_y,parameters]) -> [example_model]
2021-05-26 11:11:29,506 - kedro.io.data_catalog - INFO - Saving data to `example_model` (MemoryDataSet)...
2021-05-26 11:11:29,507 - kedro.runner.sequential_runner - INFO - Completed 2 out of 4 tasks
2021-05-26 11:11:29,508 - kedro.io.data_catalog - INFO - Loading data from `example_model` (MemoryDataSet)...
2021-05-26 11:11:29,508 - kedro.io.data_catalog - INFO - Loading data from `example_test_x` (MemoryDataSet)...
2021-05-26 11:11:29,509 - kedro.pipeline.node - INFO - Running node: predict: predict([example_model,example_test_x]) -> [example_predictions]
2021-05-26 11:11:29,527 - kedro.io.data_catalog - INFO - Saving data to `example_predictions` (MemoryDataSet)...
2021-05-26 11:11:29,528 - kedro.runner.sequential_runner - INFO - Completed 3 out of 4 tasks
2021-05-26 11:11:29,529 - kedro.io.data_catalog - INFO - Loading data from `example_predictions` (MemoryDataSet)...
2021-05-26 11:11:29,529 - kedro.io.data_catalog - INFO - Loading data from `example_test_y` (MemoryDataSet)...
2021-05-26 11:11:29,529 - kedro.pipeline.node - INFO - Running node: report: report_accuracy([example_predictions,example_test_y]) -> None
2021-05-26 11:11:29,530 - kedro_proj.pipelines.data_science.nodes - INFO - Model accuracy on test set: 96.67%
2021-05-26 11:11:29,531 - kedro.runner.sequential_runner - INFO - Completed 4 out of 4 tasks
2021-05-26 11:11:29,531 - kedro.runner.sequential_runner - INFO - Pipeline execution completed successfully.
2021-05-26 11:11:29,531 - kedro.framework.session.store - INFO - `save()` not implemented for `BaseSessionStore`. Skipping the step.
2021-05-26 11:15:54,834 - root - INFO - ** Kedro project kedro
2021-05-26 11:15:55,545 - kedro.io.data_catalog - INFO - Loading data from `example_iris_data` (CSVDataSet)...
2021-05-26 11:15:55,564 - kedro.io.data_catalog - INFO - Loading data from `params:example_test_data_ratio` (MemoryDataSet)...
2021-05-26 11:15:55,565 - kedro.pipeline.node - INFO - Running node: split: split_data([example_iris_data,params:example_test_data_ratio]) -> [example_test_x,example_test_y,example_train_x,example_train_y]
2021-05-26 11:15:55,649 - kedro.io.data_catalog - INFO - Saving data to `example_train_x` (MemoryDataSet)...
2021-05-26 11:15:55,650 - kedro.io.data_catalog - INFO - Saving data to `example_train_y` (MemoryDataSet)...
2021-05-26 11:15:55,651 - kedro.io.data_catalog - INFO - Saving data to `example_test_x` (MemoryDataSet)...
2021-05-26 11:15:55,651 - kedro.io.data_catalog - INFO - Saving data to `example_test_y` (MemoryDataSet)...
2021-05-26 11:15:55,653 - kedro.runner.sequential_runner - INFO - Completed 1 out of 4 tasks
2021-05-26 11:15:55,653 - kedro.io.data_catalog - INFO - Loading data from `example_train_x` (MemoryDataSet)...
2021-05-26 11:15:55,654 - kedro.io.data_catalog - INFO - Loading data from `example_train_y` (MemoryDataSet)...
2021-05-26 11:15:55,654 - kedro.io.data_catalog - INFO - Loading data from `parameters` (MemoryDataSet)...
2021-05-26 11:15:55,655 - kedro.pipeline.node - INFO - Running node: train: train_model([example_train_x,example_train_y,parameters]) -> [example_model]
2021-05-26 11:15:56,428 - kedro.io.data_catalog - INFO - Saving data to `example_model` (MemoryDataSet)...
2021-05-26 11:15:56,429 - kedro.runner.sequential_runner - INFO - Completed 2 out of 4 tasks
2021-05-26 11:15:56,430 - kedro.io.data_catalog - INFO - Loading data from `example_model` (MemoryDataSet)...
2021-05-26 11:15:56,430 - kedro.io.data_catalog - INFO - Loading data from `example_test_x` (MemoryDataSet)...
2021-05-26 11:15:56,430 - kedro.pipeline.node - INFO - Running node: predict: predict([example_model,example_test_x]) -> [example_predictions]
2021-05-26 11:15:56,431 - kedro.io.data_catalog - INFO - Saving data to `example_predictions` (MemoryDataSet)...
2021-05-26 11:15:56,432 - kedro.runner.sequential_runner - INFO - Completed 3 out of 4 tasks
2021-05-26 11:15:56,432 - kedro.io.data_catalog - INFO - Loading data from `example_predictions` (MemoryDataSet)...
2021-05-26 11:15:56,433 - kedro.io.data_catalog - INFO - Loading data from `example_test_y` (MemoryDataSet)...
2021-05-26 11:15:56,433 - kedro.pipeline.node - INFO - Running node: report: report_accuracy([example_predictions,example_test_y]) -> None
2021-05-26 11:15:56,433 - kedro_proj.pipelines.data_science.nodes - INFO - Model accuracy on test set: 100.00%
2021-05-26 11:15:56,434 - kedro.runner.sequential_runner - INFO - Completed 4 out of 4 tasks
2021-05-26 11:15:56,434 - kedro.runner.sequential_runner - INFO - Pipeline execution completed successfully.
2021-05-26 11:15:56,435 - kedro.framework.session.store - INFO - `save()` not implemented for `BaseSessionStore`. Skipping the step.
